
Circuit 1 cell cap_mim_2f0_m4m5_noshield and Circuit 2 cell cap_mim_2f0fF are black boxes.
Warning: Equate pins:  cell cap_mim_2f0_m4m5_noshield is a placeholder, treated as a black box.
Warning: Equate pins:  cell cap_mim_2f0fF is a placeholder, treated as a black box.

Subcircuit pins:
Circuit 1: cap_mim_2f0_m4m5_noshield       |Circuit 2: cap_mim_2f0fF                   
-------------------------------------------|-------------------------------------------
1                                          |1                                          
2                                          |2                                          
---------------------------------------------------------------------------------------
Cell pin lists are equivalent.
Device classes cap_mim_2f0_m4m5_noshield and cap_mim_2f0fF are equivalent.

Circuit 1 cell nfet_03v3 and Circuit 2 cell nfet_03v3 are black boxes.
Warning: Equate pins:  cell nfet_03v3 is a placeholder, treated as a black box.
Warning: Equate pins:  cell nfet_03v3 is a placeholder, treated as a black box.

Subcircuit pins:
Circuit 1: nfet_03v3                       |Circuit 2: nfet_03v3                       
-------------------------------------------|-------------------------------------------
1                                          |1                                          
2                                          |2                                          
3                                          |3                                          
4                                          |4                                          
---------------------------------------------------------------------------------------
Cell pin lists are equivalent.
Device classes nfet_03v3 and nfet_03v3 are equivalent.
Flattening unmatched subcell Unnamed_29840ebf in circuit nmos_Cmirror_with_decap_layout (0)(1 instance)
Flattening unmatched subcell cmirror_interdigitized in circuit nmos_Cmirror_with_decap_layout (0)(1 instance)

Subcircuit summary:
Circuit 1: nmos_Cmirror_with_decap_layout  |Circuit 2: nmos_Cmirror_with_decap_xschem  
-------------------------------------------|-------------------------------------------
cap_mim_2f0_m4m5_noshield (1)              |cap_mim_2f0fF (1)                          
nfet_03v3 (12->2)                          |nfet_03v3 (2)                              
Number of devices: 3                       |Number of devices: 3                       
Number of nets: 3                          |Number of nets: 3                          
---------------------------------------------------------------------------------------
Netlists match uniquely with property errors.
cmirror_interdigitized_0/nfet_03v3:1 vs. nfet_03v3:M2:
 w circuit1: 1.5e-06   circuit2: 7.5e-06   (delta=133%, cutoff=1%)
cmirror_interdigitized_0/nfet_03v3:0 vs. nfet_03v3:M6:
 w circuit1: 7.5e-06   circuit2: 1.5e-06   (delta=133%, cutoff=1%)

Subcircuit pins:
Circuit 1: nmos_Cmirror_with_decap_layout  |Circuit 2: nmos_Cmirror_with_decap_xschem  
-------------------------------------------|-------------------------------------------
I_OUT                                      |I_OUT                                      
VSS                                        |VSS                                        
I_BIAS                                     |I_BIAS                                     
---------------------------------------------------------------------------------------
Cell pin lists are equivalent.
Device classes nmos_Cmirror_with_decap_layout and nmos_Cmirror_with_decap_xschem are equivalent.

Final result: Circuits match uniquely.
Property errors were found.

The following cells had property errors:
 nmos_Cmirror_with_decap_layout
