
Circuit 1 cell cap_mim_2f0_m4m5_noshield and Circuit 2 cell cap_mim_2f0fF are black boxes.
Warning: Equate pins:  cell cap_mim_2f0_m4m5_noshield is a placeholder, treated as a black box.
Warning: Equate pins:  cell cap_mim_2f0fF is a placeholder, treated as a black box.

Subcircuit pins:
Circuit 1: cap_mim_2f0_m4m5_noshield       |Circuit 2: cap_mim_2f0fF                   
-------------------------------------------|-------------------------------------------
1                                          |1                                          
2                                          |2                                          
---------------------------------------------------------------------------------------
Cell pin lists are equivalent.
Device classes cap_mim_2f0_m4m5_noshield and cap_mim_2f0fF are equivalent.

Circuit 1 cell pfet_03v3 and Circuit 2 cell pfet_03v3 are black boxes.
Warning: Equate pins:  cell pfet_03v3 is a placeholder, treated as a black box.
Warning: Equate pins:  cell pfet_03v3 is a placeholder, treated as a black box.

Subcircuit pins:
Circuit 1: pfet_03v3                       |Circuit 2: pfet_03v3                       
-------------------------------------------|-------------------------------------------
1                                          |1                                          
2                                          |2                                          
3                                          |3                                          
4                                          |4                                          
---------------------------------------------------------------------------------------
Cell pin lists are equivalent.
Device classes pfet_03v3 and pfet_03v3 are equivalent.
Flattening unmatched subcell Unnamed_ad0e3c17 in circuit pmos_Cmirror_with_decap_layout (0)(1 instance)
Flattening unmatched subcell cmirror_interdigitized in circuit pmos_Cmirror_with_decap_layout (0)(1 instance)

Subcircuit summary:
Circuit 1: pmos_Cmirror_with_decap_layout  |Circuit 2: pmos_Cmirror_with_decap_xschem  
-------------------------------------------|-------------------------------------------
cap_mim_2f0_m4m5_noshield (1)              |cap_mim_2f0fF (1)                          
pfet_03v3 (12->2)                          |pfet_03v3 (2)                              
Number of devices: 3                       |Number of devices: 3                       
Number of nets: 3                          |Number of nets: 3                          
---------------------------------------------------------------------------------------
Netlists match uniquely.

Subcircuit pins:
Circuit 1: pmos_Cmirror_with_decap_layout  |Circuit 2: pmos_Cmirror_with_decap_xschem  
-------------------------------------------|-------------------------------------------
I_OUT                                      |I_OUT                                      
VDD                                        |VDD                                        
I_BIAS                                     |I_BIAS                                     
---------------------------------------------------------------------------------------
Cell pin lists are equivalent.
Device classes pmos_Cmirror_with_decap_layout and pmos_Cmirror_with_decap_xschem are equivalent.

Final result: Circuits match uniquely.
.
